SSHLauncher{host='172.31.83.255', port=22, credentialsId='1', jvmOptions='', javaPath='', prefixStartSlaveCmd='', suffixStartSlaveCmd='', launchTimeoutSeconds=60, maxNumRetries=10, retryWaitTime=15, sshHostKeyVerificationStrategy=hudson.plugins.sshslaves.verifiers.NonVerifyingKeyVerificationStrategy, tcpNoDelay=true, trackCredentials=true}
[03/02/22 16:54:28] [SSH] Opening SSH connection to 172.31.83.255:22.
[03/02/22 16:54:28] [SSH] WARNING: SSH Host Keys are not being verified. Man-in-the-middle attacks may be possible against this connection.
[03/02/22 16:54:28] [SSH] Authentication successful.
[03/02/22 16:54:28] [SSH] The remote user's environment is:
BASH=/usr/bin/bash
BASHOPTS=cmdhist:extquote:force_fignore:hostcomplete:interactive_comments:progcomp:promptvars:sourcepath
BASH_ALIASES=()
BASH_ARGC=()
BASH_ARGV=()
BASH_CMDS=()
BASH_EXECUTION_STRING=set
BASH_LINENO=()
BASH_SOURCE=()
BASH_VERSINFO=([0]="4" [1]="2" [2]="46" [3]="2" [4]="release" [5]="x86_64-koji-linux-gnu")
BASH_VERSION='4.2.46(2)-release'
DIRSTACK=()
EUID=1001
GROUPS=()
HOME=/home/sai
HOSTNAME=ip-172-31-83-255.ec2.internal
HOSTTYPE=x86_64
IFS=$' \t\n'
LANG=en_US.UTF-8
LESSOPEN='||/usr/bin/lesspipe.sh %s'
LOGNAME=sai
MACHTYPE=x86_64-koji-linux-gnu
MAIL=/var/mail/sai
OPTERR=1
OPTIND=1
OSTYPE=linux-gnu
PATH=/usr/local/bin:/usr/bin
PIPESTATUS=([0]="0")
PPID=856
PS4='+ '
PWD=/home/sai
SHELL=/bin/bash
SHELLOPTS=braceexpand:hashall:interactive-comments
SHLVL=1
SSH_CLIENT='172.31.28.95 55934 22'
SSH_CONNECTION='172.31.28.95 55934 172.31.83.255 22'
TERM=dumb
UID=1001
USER=sai
XDG_RUNTIME_DIR=/run/user/1001
XDG_SESSION_ID=17
_=/etc/bashrc
Checking Java version in the PATH
bash: java: command not found
Java is not in the PATH nor configured with the javaPath setting, Jenkins will try to guess where is Java, this guess will be removed in the future. :Launch agents via SSH
[03/02/22 16:54:28] [SSH] Checking java version of /home/ec2-user/jdk/bin/java
Couldn't figure out the Java version of /home/ec2-user/jdk/bin/java
bash: /home/ec2-user/jdk/bin/java: Permission denied

[03/02/22 16:54:28] [SSH] Checking java version of java
Couldn't figure out the Java version of java
bash: java: command not found

[03/02/22 16:54:28] [SSH] Checking java version of /usr/bin/java
Couldn't figure out the Java version of /usr/bin/java
bash: /usr/bin/java: No such file or directory

[03/02/22 16:54:28] [SSH] Checking java version of /usr/java/default/bin/java
Couldn't figure out the Java version of /usr/java/default/bin/java
bash: /usr/java/default/bin/java: No such file or directory

[03/02/22 16:54:28] [SSH] Checking java version of /usr/java/latest/bin/java
Couldn't figure out the Java version of /usr/java/latest/bin/java
bash: /usr/java/latest/bin/java: No such file or directory

[03/02/22 16:54:28] [SSH] Checking java version of /usr/local/bin/java
Couldn't figure out the Java version of /usr/local/bin/java
bash: /usr/local/bin/java: No such file or directory

[03/02/22 16:54:28] [SSH] Checking java version of /usr/local/java/bin/java
Couldn't figure out the Java version of /usr/local/java/bin/java
bash: /usr/local/java/bin/java: No such file or directory

java.io.IOException: Java not found on hudson.slaves.SlaveComputer@1ed17e7. Install Java 8 or Java 11 on the Agent.
	at hudson.plugins.sshslaves.JavaVersionChecker.resolveJava(JavaVersionChecker.java:84)
	at hudson.plugins.sshslaves.SSHLauncher$1.call(SSHLauncher.java:453)
	at hudson.plugins.sshslaves.SSHLauncher$1.call(SSHLauncher.java:421)
	at java.util.concurrent.FutureTask.run(FutureTask.java:266)
	at java.util.concurrent.ThreadPoolExecutor.runWorker(ThreadPoolExecutor.java:1149)
	at java.util.concurrent.ThreadPoolExecutor$Worker.run(ThreadPoolExecutor.java:624)
	at java.lang.Thread.run(Thread.java:748)
[03/02/22 16:54:28] Launch failed - cleaning up connection
[03/02/22 16:54:28] [SSH] Connection closed.
