Started at Wed Mar 02 07:14:05 UTC 2022
Processing codepullandpackage
Offering codepullandpackage to Project Build Discarder
Processing deploy
Offering deploy to Project Build Discarder
Processing testcase
Offering testcase to Project Build Discarder
Processing codepullandpackage/onlinebookstore:onlinebookstore
Offering codepullandpackage/onlinebookstore:onlinebookstore to Project Build Discarder
Finished at Wed Mar 02 07:14:05 UTC 2022. 3ms
Started at Wed Mar 02 08:14:05 UTC 2022
Processing codepullandpackage
Offering codepullandpackage to Project Build Discarder
Processing deploy
Offering deploy to Project Build Discarder
Processing testcase
Offering testcase to Project Build Discarder
Processing codepullandpackage/onlinebookstore:onlinebookstore
Offering codepullandpackage/onlinebookstore:onlinebookstore to Project Build Discarder
Finished at Wed Mar 02 08:14:05 UTC 2022. 1ms
Started at Wed Mar 02 09:14:05 UTC 2022
Processing codepullandpackage
Offering codepullandpackage to Project Build Discarder
Processing deploy
Offering deploy to Project Build Discarder
Processing testcase
Offering testcase to Project Build Discarder
Processing codepullandpackage/onlinebookstore:onlinebookstore
Offering codepullandpackage/onlinebookstore:onlinebookstore to Project Build Discarder
Finished at Wed Mar 02 09:14:05 UTC 2022. 1ms
Started at Wed Mar 02 10:14:05 UTC 2022
Processing codepullandpackage
Offering codepullandpackage to Project Build Discarder
Processing deploy
Offering deploy to Project Build Discarder
Processing testcase
Offering testcase to Project Build Discarder
Processing codepullandpackage/onlinebookstore:onlinebookstore
Offering codepullandpackage/onlinebookstore:onlinebookstore to Project Build Discarder
Finished at Wed Mar 02 10:14:05 UTC 2022. 1ms
Started at Wed Mar 02 11:14:05 UTC 2022
Processing codepullandpackage
Offering codepullandpackage to Project Build Discarder
Processing deploy
Offering deploy to Project Build Discarder
Processing testcase
Offering testcase to Project Build Discarder
Processing codepullandpackage/onlinebookstore:onlinebookstore
Offering codepullandpackage/onlinebookstore:onlinebookstore to Project Build Discarder
Finished at Wed Mar 02 11:14:05 UTC 2022. 2ms
Started at Wed Mar 02 12:14:05 UTC 2022
Processing codepullandpackage
Offering codepullandpackage to Project Build Discarder
Processing deploy
Offering deploy to Project Build Discarder
Processing testcase
Offering testcase to Project Build Discarder
Processing codepullandpackage/onlinebookstore:onlinebookstore
Offering codepullandpackage/onlinebookstore:onlinebookstore to Project Build Discarder
Finished at Wed Mar 02 12:14:05 UTC 2022. 1ms
Started at Wed Mar 02 13:14:05 UTC 2022
Processing codepullandpackage
Offering codepullandpackage to Project Build Discarder
Processing deploy
Offering deploy to Project Build Discarder
Processing testcase
Offering testcase to Project Build Discarder
Processing codepullandpackage/onlinebookstore:onlinebookstore
Offering codepullandpackage/onlinebookstore:onlinebookstore to Project Build Discarder
Finished at Wed Mar 02 13:14:05 UTC 2022. 1ms
